<?xml version="1.0" encoding="UTF-8"?>
<coverage generated="1690050005575" clover="3.2.0">
  <project timestamp="1690050005575" name="All files">
    <metrics statements="25" coveredstatements="18" conditionals="4" coveredconditionals="3" methods="10" coveredmethods="8" elements="39" coveredelements="29" complexity="0" loc="25" ncloc="25" packages="1" files="1" classes="1"/>
    <file name="simple-linked-list.js" path="/Users/stevenlegere/Documents/Development/Repositories/Talis-Tfs-Tech-Test/simple-linked-list/simple-linked-list.js">
      <metrics statements="25" coveredstatements="18" conditionals="4" coveredconditionals="3" methods="10" coveredmethods="8"/>
      <line num="15" count="12" type="stmt"/>
      <line num="16" count="12" type="stmt"/>
      <line num="20" count="5" type="stmt"/>
      <line num="24" count="0" type="stmt"/>
      <line num="28" count="2" type="stmt"/>
      <line num="32" count="3" type="stmt"/>
      <line num="53" count="10" type="stmt"/>
      <line num="54" count="10" type="stmt"/>
      <line num="55" count="10" type="stmt"/>
      <line num="60" count="9" type="cond" truecount="1" falsecount="1"/>
      <line num="61" count="9" type="cond" truecount="2" falsecount="0"/>
      <line num="62" count="6" type="stmt"/>
      <line num="63" count="6" type="stmt"/>
      <line num="65" count="3" type="stmt"/>
      <line num="66" count="3" type="stmt"/>
      <line num="68" count="9" type="stmt"/>
      <line num="73" count="4" type="stmt"/>
      <line num="77" count="4" type="stmt"/>
      <line num="81" count="0" type="stmt"/>
      <line num="82" count="0" type="stmt"/>
      <line num="83" count="0" type="stmt"/>
      <line num="84" count="0" type="stmt"/>
      <line num="85" count="0" type="stmt"/>
      <line num="87" count="0" type="stmt"/>
      <line num="91" count="1" type="stmt"/>
    </file>
  </project>
</coverage>
