{"/Users/stevenlegere/Documents/Development/Repositories/Talis-Tfs-Tech-Test/simple-linked-list/simple-linked-list.js": {"path":"/Users/stevenlegere/Documents/Development/Repositories/Talis-Tfs-Tech-Test/simple-linked-list/simple-linked-list.js","statementMap":{"0":{"start":{"line":15,"column":4},"end":{"line":15,"column":24}},"1":{"start":{"line":16,"column":4},"end":{"line":16,"column":22}},"2":{"start":{"line":20,"column":4},"end":{"line":20,"column":23}},"3":{"start":{"line":24,"column":4},"end":{"line":24,"column":27}},"4":{"start":{"line":28,"column":4},"end":{"line":28,"column":22}},"5":{"start":{"line":32,"column":4},"end":{"line":32,"column":25}},"6":{"start":{"line":38,"column":4},"end":{"line":38,"column":21}},"7":{"start":{"line":39,"column":4},"end":{"line":39,"column":22}},"8":{"start":{"line":40,"column":4},"end":{"line":40,"column":22}},"9":{"start":{"line":45,"column":23},"end":{"line":45,"column":88}},"10":{"start":{"line":46,"column":4},"end":{"line":52,"column":5}},"11":{"start":{"line":47,"column":6},"end":{"line":47,"column":30}},"12":{"start":{"line":48,"column":6},"end":{"line":48,"column":30}},"13":{"start":{"line":50,"column":6},"end":{"line":50,"column":35}},"14":{"start":{"line":51,"column":6},"end":{"line":51,"column":30}},"15":{"start":{"line":53,"column":4},"end":{"line":53,"column":19}},"16":{"start":{"line":58,"column":4},"end":{"line":58,"column":24}},"17":{"start":{"line":62,"column":4},"end":{"line":62,"column":42}},"18":{"start":{"line":66,"column":0},"end":{"line":69,"column":2}}},"fnMap":{"0":{"name":"(anonymous_0)","decl":{"start":{"line":14,"column":2},"end":{"line":14,"column":3}},"loc":{"start":{"line":14,"column":21},"end":{"line":17,"column":3}},"line":14},"1":{"name":"(anonymous_1)","decl":{"start":{"line":19,"column":2},"end":{"line":19,"column":3}},"loc":{"start":{"line":19,"column":14},"end":{"line":21,"column":3}},"line":19},"2":{"name":"(anonymous_2)","decl":{"start":{"line":23,"column":2},"end":{"line":23,"column":3}},"loc":{"start":{"line":23,"column":22},"end":{"line":25,"column":3}},"line":23},"3":{"name":"(anonymous_3)","decl":{"start":{"line":27,"column":2},"end":{"line":27,"column":3}},"loc":{"start":{"line":27,"column":13},"end":{"line":29,"column":3}},"line":27},"4":{"name":"(anonymous_4)","decl":{"start":{"line":31,"column":2},"end":{"line":31,"column":3}},"loc":{"start":{"line":31,"column":20},"end":{"line":33,"column":3}},"line":31},"5":{"name":"(anonymous_5)","decl":{"start":{"line":37,"column":2},"end":{"line":37,"column":3}},"loc":{"start":{"line":37,"column":23},"end":{"line":42,"column":3}},"line":37},"6":{"name":"(anonymous_6)","decl":{"start":{"line":44,"column":2},"end":{"line":44,"column":3}},"loc":{"start":{"line":44,"column":17},"end":{"line":54,"column":3}},"line":44},"7":{"name":"(anonymous_7)","decl":{"start":{"line":57,"column":2},"end":{"line":57,"column":3}},"loc":{"start":{"line":57,"column":15},"end":{"line":59,"column":3}},"line":57},"8":{"name":"(anonymous_8)","decl":{"start":{"line":61,"column":2},"end":{"line":61,"column":3}},"loc":{"start":{"line":61,"column":13},"end":{"line":63,"column":3}},"line":61}},"branchMap":{"0":{"loc":{"start":{"line":45,"column":23},"end":{"line":45,"column":88}},"type":"cond-expr","locations":[{"start":{"line":45,"column":54},"end":{"line":45,"column":63}},{"start":{"line":45,"column":66},"end":{"line":45,"column":88}}],"line":45},"1":{"loc":{"start":{"line":46,"column":4},"end":{"line":52,"column":5}},"type":"if","locations":[{"start":{"line":46,"column":4},"end":{"line":52,"column":5}},{"start":{"line":49,"column":11},"end":{"line":52,"column":5}}],"line":46},"2":{"loc":{"start":{"line":62,"column":11},"end":{"line":62,"column":41}},"type":"cond-expr","locations":[{"start":{"line":62,"column":24},"end":{"line":62,"column":34}},{"start":{"line":62,"column":37},"end":{"line":62,"column":41}}],"line":62}},"s":{"0":10,"1":10,"2":4,"3":0,"4":1,"5":2,"6":8,"7":8,"8":8,"9":7,"10":7,"11":5,"12":5,"13":2,"14":2,"15":7,"16":3,"17":3,"18":1},"f":{"0":10,"1":4,"2":0,"3":1,"4":2,"5":8,"6":7,"7":3,"8":3},"b":{"0":[7,0],"1":[5,2],"2":[2,1]},"_coverageSchema":"1a1c01bbd47fc00a2c39e90264f33305004495a9","hash":"fc290a62eaf7d8003ac3745a09f28132e4a42385"}
}
