{"/Users/stevenlegere/Documents/Development/Repositories/Talis-Tfs-Tech-Test/simple-linked-list/simple-linked-list.js": {"path":"/Users/stevenlegere/Documents/Development/Repositories/Talis-Tfs-Tech-Test/simple-linked-list/simple-linked-list.js","statementMap":{"0":{"start":{"line":15,"column":4},"end":{"line":15,"column":24}},"1":{"start":{"line":16,"column":4},"end":{"line":16,"column":22}},"2":{"start":{"line":20,"column":4},"end":{"line":20,"column":23}},"3":{"start":{"line":24,"column":4},"end":{"line":24,"column":27}},"4":{"start":{"line":28,"column":4},"end":{"line":28,"column":22}},"5":{"start":{"line":32,"column":4},"end":{"line":32,"column":25}},"6":{"start":{"line":53,"column":4},"end":{"line":53,"column":21}},"7":{"start":{"line":54,"column":4},"end":{"line":54,"column":22}},"8":{"start":{"line":55,"column":4},"end":{"line":55,"column":22}},"9":{"start":{"line":60,"column":23},"end":{"line":60,"column":88}},"10":{"start":{"line":61,"column":4},"end":{"line":67,"column":5}},"11":{"start":{"line":62,"column":6},"end":{"line":62,"column":30}},"12":{"start":{"line":63,"column":6},"end":{"line":63,"column":30}},"13":{"start":{"line":65,"column":6},"end":{"line":65,"column":35}},"14":{"start":{"line":66,"column":6},"end":{"line":66,"column":30}},"15":{"start":{"line":68,"column":4},"end":{"line":68,"column":19}},"16":{"start":{"line":73,"column":4},"end":{"line":73,"column":24}},"17":{"start":{"line":77,"column":4},"end":{"line":77,"column":22}},"18":{"start":{"line":81,"column":19},"end":{"line":81,"column":21}},"19":{"start":{"line":82,"column":25},"end":{"line":82,"column":35}},"20":{"start":{"line":83,"column":4},"end":{"line":86,"column":5}},"21":{"start":{"line":84,"column":6},"end":{"line":84,"column":40}},"22":{"start":{"line":85,"column":6},"end":{"line":85,"column":43}},"23":{"start":{"line":87,"column":4},"end":{"line":87,"column":18}},"24":{"start":{"line":91,"column":0},"end":{"line":94,"column":2}}},"fnMap":{"0":{"name":"(anonymous_0)","decl":{"start":{"line":14,"column":2},"end":{"line":14,"column":3}},"loc":{"start":{"line":14,"column":21},"end":{"line":17,"column":3}},"line":14},"1":{"name":"(anonymous_1)","decl":{"start":{"line":19,"column":2},"end":{"line":19,"column":3}},"loc":{"start":{"line":19,"column":14},"end":{"line":21,"column":3}},"line":19},"2":{"name":"(anonymous_2)","decl":{"start":{"line":23,"column":2},"end":{"line":23,"column":3}},"loc":{"start":{"line":23,"column":22},"end":{"line":25,"column":3}},"line":23},"3":{"name":"(anonymous_3)","decl":{"start":{"line":27,"column":2},"end":{"line":27,"column":3}},"loc":{"start":{"line":27,"column":13},"end":{"line":29,"column":3}},"line":27},"4":{"name":"(anonymous_4)","decl":{"start":{"line":31,"column":2},"end":{"line":31,"column":3}},"loc":{"start":{"line":31,"column":20},"end":{"line":33,"column":3}},"line":31},"5":{"name":"(anonymous_5)","decl":{"start":{"line":52,"column":2},"end":{"line":52,"column":3}},"loc":{"start":{"line":52,"column":23},"end":{"line":57,"column":3}},"line":52},"6":{"name":"(anonymous_6)","decl":{"start":{"line":59,"column":2},"end":{"line":59,"column":3}},"loc":{"start":{"line":59,"column":17},"end":{"line":69,"column":3}},"line":59},"7":{"name":"(anonymous_7)","decl":{"start":{"line":72,"column":2},"end":{"line":72,"column":3}},"loc":{"start":{"line":72,"column":15},"end":{"line":74,"column":3}},"line":72},"8":{"name":"(anonymous_8)","decl":{"start":{"line":76,"column":2},"end":{"line":76,"column":3}},"loc":{"start":{"line":76,"column":13},"end":{"line":78,"column":3}},"line":76},"9":{"name":"(anonymous_9)","decl":{"start":{"line":80,"column":2},"end":{"line":80,"column":3}},"loc":{"start":{"line":80,"column":12},"end":{"line":88,"column":3}},"line":80}},"branchMap":{"0":{"loc":{"start":{"line":60,"column":23},"end":{"line":60,"column":88}},"type":"cond-expr","locations":[{"start":{"line":60,"column":54},"end":{"line":60,"column":63}},{"start":{"line":60,"column":66},"end":{"line":60,"column":88}}],"line":60},"1":{"loc":{"start":{"line":61,"column":4},"end":{"line":67,"column":5}},"type":"if","locations":[{"start":{"line":61,"column":4},"end":{"line":67,"column":5}},{"start":{"line":64,"column":11},"end":{"line":67,"column":5}}],"line":61}},"s":{"0":12,"1":12,"2":5,"3":0,"4":2,"5":3,"6":10,"7":10,"8":10,"9":9,"10":9,"11":6,"12":6,"13":3,"14":3,"15":9,"16":4,"17":4,"18":0,"19":0,"20":0,"21":0,"22":0,"23":0,"24":1},"f":{"0":12,"1":5,"2":0,"3":2,"4":3,"5":10,"6":9,"7":4,"8":4,"9":0},"b":{"0":[9,0],"1":[6,3]},"_coverageSchema":"1a1c01bbd47fc00a2c39e90264f33305004495a9","hash":"053031f6a9840ff62c3c684c249c4b7e2f5ce8b2"}
}
