TN:
SF:simple-linked-list.js
FN:14,(anonymous_0)
FN:19,(anonymous_1)
FN:23,(anonymous_2)
FN:27,(anonymous_3)
FN:31,(anonymous_4)
FN:52,(anonymous_5)
FN:59,(anonymous_6)
FN:72,(anonymous_7)
FN:76,(anonymous_8)
FN:80,(anonymous_9)
FNF:10
FNH:8
FNDA:12,(anonymous_0)
FNDA:5,(anonymous_1)
FNDA:0,(anonymous_2)
FNDA:2,(anonymous_3)
FNDA:3,(anonymous_4)
FNDA:10,(anonymous_5)
FNDA:9,(anonymous_6)
FNDA:4,(anonymous_7)
FNDA:4,(anonymous_8)
FNDA:0,(anonymous_9)
DA:15,12
DA:16,12
DA:20,5
DA:24,0
DA:28,2
DA:32,3
DA:53,10
DA:54,10
DA:55,10
DA:60,9
DA:61,9
DA:62,6
DA:63,6
DA:65,3
DA:66,3
DA:68,9
DA:73,4
DA:77,4
DA:81,0
DA:82,0
DA:83,0
DA:84,0
DA:85,0
DA:87,0
DA:91,1
LF:25
LH:18
BRDA:60,0,0,9
BRDA:60,0,1,0
BRDA:61,1,0,6
BRDA:61,1,1,3
BRF:4
BRH:3
end_of_record
