TN:
SF:simple-linked-list.js
FN:14,(anonymous_0)
FN:19,(anonymous_1)
FN:23,(anonymous_2)
FN:27,(anonymous_3)
FN:31,(anonymous_4)
FN:37,(anonymous_5)
FN:44,(anonymous_6)
FN:57,(anonymous_7)
FN:61,(anonymous_8)
FNF:9
FNH:8
FNDA:10,(anonymous_0)
FNDA:4,(anonymous_1)
FNDA:0,(anonymous_2)
FNDA:1,(anonymous_3)
FNDA:2,(anonymous_4)
FNDA:8,(anonymous_5)
FNDA:7,(anonymous_6)
FNDA:3,(anonymous_7)
FNDA:3,(anonymous_8)
DA:15,10
DA:16,10
DA:20,4
DA:24,0
DA:28,1
DA:32,2
DA:38,8
DA:39,8
DA:40,8
DA:45,7
DA:46,7
DA:47,5
DA:48,5
DA:50,2
DA:51,2
DA:53,7
DA:58,3
DA:62,3
DA:66,1
LF:19
LH:18
BRDA:45,0,0,7
BRDA:45,0,1,0
BRDA:46,1,0,5
BRDA:46,1,1,2
BRDA:62,2,0,2
BRDA:62,2,1,1
BRF:6
BRH:5
end_of_record
